<?xml version="1.0" encoding="UTF-8"?>
<testng-results skipped="0" failed="0" ignored="0" total="1" passed="1">
  <reporter-output>
  </reporter-output>
  <suite name="Default suite" duration-ms="10713" started-at="2018-06-12T02:11:19Z" finished-at="2018-06-12T02:11:29Z">
    <groups>
    </groups>
    <test name="Default test" duration-ms="10713" started-at="2018-06-12T02:11:19Z" finished-at="2018-06-12T02:11:29Z">
      <class name="testNGclass.HendleXpath">
        <test-method status="PASS" signature="Hendlexpath()[pri:0, instance:testNGclass.HendleXpath@aecb35a]" name="Hendlexpath" duration-ms="10684" started-at="2018-06-11T22:11:19Z" finished-at="2018-06-11T22:11:29Z">
          <reporter-output>
          </reporter-output>
        </test-method> <!-- Hendlexpath -->
      </class> <!-- testNGclass.HendleXpath -->
    </test> <!-- Default test -->
  </suite> <!-- Default suite -->
</testng-results>
